<?xml version="1.0" encoding="UTF-8"?>
<testsuite xmlns:xsi="http://www.w3.org/2001/XMLSchema-instance" xsi:noNamespaceSchemaLocation="https://maven.apache.org/surefire/maven-surefire-plugin/xsd/surefire-test-report.xsd" name="com.ANLA.runner.TestRunner" time="76.841" tests="26" errors="2" skipped="3" failures="0">
  <properties>
    <property name="java.runtime.name" value="Java(TM) SE Runtime Environment"/>
    <property name="sun.boot.library.path" value="C:\Program Files\Java\jdk1.8.0_251\jre\bin"/>
    <property name="java.vm.version" value="25.251-b08"/>
    <property name="java.vm.vendor" value="Oracle Corporation"/>
    <property name="maven.multiModuleProjectDirectory" value="C:\eclipse-workspace_ANLA\com.GIC"/>
    <property name="java.vendor.url" value="http://java.oracle.com/"/>
    <property name="path.separator" value=";"/>
    <property name="guice.disable.misplaced.annotation.check" value="true"/>
    <property name="java.vm.name" value="Java HotSpot(TM) 64-Bit Server VM"/>
    <property name="file.encoding.pkg" value="sun.io"/>
    <property name="user.script" value=""/>
    <property name="user.country" value="CO"/>
    <property name="sun.java.launcher" value="SUN_STANDARD"/>
    <property name="sun.os.patch.level" value=""/>
    <property name="java.vm.specification.name" value="Java Virtual Machine Specification"/>
    <property name="user.dir" value="C:\eclipse-workspace_ANLA\com.GIC"/>
    <property name="java.runtime.version" value="1.8.0_251-b08"/>
    <property name="java.awt.graphicsenv" value="sun.awt.Win32GraphicsEnvironment"/>
    <property name="java.endorsed.dirs" value="C:\Program Files\Java\jdk1.8.0_251\jre\lib\endorsed"/>
    <property name="os.arch" value="amd64"/>
    <property name="java.io.tmpdir" value="C:\Users\leona\AppData\Local\Temp\"/>
    <property name="line.separator" value="&#10;"/>
    <property name="java.vm.specification.vendor" value="Oracle Corporation"/>
    <property name="user.variant" value=""/>
    <property name="os.name" value="Windows 10"/>
    <property name="classworlds.conf" value="C:\Maven\apache-maven-3.6.3\bin\..\bin\m2.conf"/>
    <property name="sun.jnu.encoding" value="Cp1252"/>
    <property name="java.library.path" value="C:\Program Files\Java\jdk1.8.0_251\bin;C:\Windows\Sun\Java\bin;C:\Windows\system32;C:\Windows;C:\Python38\Scripts\;C:\Python38\;C:\Program Files (x86)\Common Files\Oracle\Java\javapath;C:\Windows\system32;C:\Windows;C:\Windows\System32\Wbem;C:\Windows\System32\WindowsPowerShell\v1.0\;C:\Windows\System32\OpenSSH\;C:\Program Files\Java\jdk1.8.0_251\bin;C:\Maven\apache-maven-3.6.3\bin;C:\Maven\apache-maven-3.6.3\bin\mvn.cmd;C:\Maven\apache-maven-3.6.3\bin\mvnDebug.cmd;;C:\ProgramData\chocolatey\bin;C:\Program Files\Git\cmd;C:\Program Files\nodejs\;C:\Program Files\Java\jdk-14.0.1\bin;C:\Users\leona\AppData\Roaming\npm;."/>
    <property name="maven.conf" value="C:\Maven\apache-maven-3.6.3\bin\../conf"/>
    <property name="java.specification.name" value="Java Platform API Specification"/>
    <property name="java.class.version" value="52.0"/>
    <property name="sun.management.compiler" value="HotSpot 64-Bit Tiered Compilers"/>
    <property name="os.version" value="10.0"/>
    <property name="library.jansi.path" value="C:\Maven\apache-maven-3.6.3\bin\..\lib\jansi-native"/>
    <property name="user.home" value="C:\Users\leona"/>
    <property name="user.timezone" value="America/Bogota"/>
    <property name="java.awt.printerjob" value="sun.awt.windows.WPrinterJob"/>
    <property name="java.specification.version" value="1.8"/>
    <property name="file.encoding" value="Cp1252"/>
    <property name="user.name" value="Javier_Henao"/>
    <property name="java.class.path" value="C:\Maven\apache-maven-3.6.3\bin\..\boot\plexus-classworlds-2.6.0.jar"/>
    <property name="java.vm.specification.version" value="1.8"/>
    <property name="sun.arch.data.model" value="64"/>
    <property name="java.home" value="C:\Program Files\Java\jdk1.8.0_251\jre"/>
    <property name="sun.java.command" value="org.codehaus.plexus.classworlds.launcher.Launcher test"/>
    <property name="java.specification.vendor" value="Oracle Corporation"/>
    <property name="user.language" value="es"/>
    <property name="awt.toolkit" value="sun.awt.windows.WToolkit"/>
    <property name="java.vm.info" value="mixed mode"/>
    <property name="java.version" value="1.8.0_251"/>
    <property name="java.ext.dirs" value="C:\Program Files\Java\jdk1.8.0_251\jre\lib\ext;C:\Windows\Sun\Java\lib\ext"/>
    <property name="sun.boot.class.path" value="C:\Program Files\Java\jdk1.8.0_251\jre\lib\resources.jar;C:\Program Files\Java\jdk1.8.0_251\jre\lib\rt.jar;C:\Program Files\Java\jdk1.8.0_251\jre\lib\sunrsasign.jar;C:\Program Files\Java\jdk1.8.0_251\jre\lib\jsse.jar;C:\Program Files\Java\jdk1.8.0_251\jre\lib\jce.jar;C:\Program Files\Java\jdk1.8.0_251\jre\lib\charsets.jar;C:\Program Files\Java\jdk1.8.0_251\jre\lib\jfr.jar;C:\Program Files\Java\jdk1.8.0_251\jre\classes"/>
    <property name="sun.stderr.encoding" value="cp850"/>
    <property name="java.vendor" value="Oracle Corporation"/>
    <property name="maven.home" value="C:\Maven\apache-maven-3.6.3\bin\.."/>
    <property name="file.separator" value="\"/>
    <property name="java.vendor.url.bug" value="http://bugreport.sun.com/bugreport/"/>
    <property name="sun.cpu.endian" value="little"/>
    <property name="sun.io.unicode.encoding" value="UnicodeLittle"/>
    <property name="sun.stdout.encoding" value="cp850"/>
    <property name="sun.desktop" value="windows"/>
    <property name="sun.cpu.isalist" value="amd64"/>
  </properties>
  <testcase name="Dado el usario Contratista ingresa a la pagina de la aplicacion GIC" classname="| 79738646 | Anla2020* |" time="0"/>
  <testcase name="Cuando ingresar con Rol Contratista la Identificacion &quot;79738646&quot; y Contrasena &quot;Anla2020*&quot; a GIC" classname="| 79738646 | Anla2020* |" time="0"/>
  <testcase name="Y ingresa al menu Contratista y a la accion Agregar cuenta de Cobro" classname="| 79738646 | Anla2020* |" time="0"/>
  <testcase name="Y ingresa informacion del contrato convenio" classname="| 79738646 | Anla2020* |" time="0.01">
    <error message="No se pudo dar click sobre el elemento:  Proxy element for: DefaultElementLocator &apos;By.id: mat-option-22&apos;" type="java.lang.Exception">java.lang.Exception: No se pudo dar click sobre el elemento:  Proxy element for: DefaultElementLocator 'By.id: mat-option-22'
</error>
    <system-out><![CDATA[Se toma Camputa de la pantalla: Captura_GIC_Cuenta_De_Cobro
Se dio click sobre el elemento: [[ChromeDriver: chrome on WINDOWS (3cb9d6e1338d6865c8be633f48db7d7e)] -> xpath: //font/mat-form-field/div/div/div/mat-select/div/div/span/span]
Se toma Camputa de la pantalla: Captura_GIC_Cuenta_De_Cobro
Se dio click sobre el elemento: Proxy element for: DefaultElementLocator 'By.id: mat-option-9'
Se toma Camputa de la pantalla: Captura_GIC_Cuenta_De_Cobro
Se dio click sobre el elemento: [[ChromeDriver: chrome on WINDOWS (3cb9d6e1338d6865c8be633f48db7d7e)] -> xpath: //span[@class='mat-select-placeholder ng-tns-c28-18 ng-star-inserted']]
Se toma Camputa de la pantalla: Captura_GIC_Cuenta_De_Cobro
]]></system-out>
  </testcase>
  <testcase name="| 79738646 | Anla2020* |" classname="| 79738646 | Anla2020* |" time="0.01">
    <error message="No se pudo dar click sobre el elemento:  Proxy element for: DefaultElementLocator &apos;By.id: mat-option-22&apos;" type="java.lang.Exception">java.lang.Exception: No se pudo dar click sobre el elemento:  Proxy element for: DefaultElementLocator 'By.id: mat-option-22'
</error>
  </testcase>
  <testcase name="| 79738646 | Anla2020* |" classname="| 79738646 | Anla2020* |" time="1.112"/>
  <testcase name="| 79738646 | Anla2020* |" classname="| 79738646 | Anla2020* |" time="1.106"/>
  <testcase name="| 79738646 | Anla2020* |" classname="| 79738646 | Anla2020* |" time="1.291"/>
  <testcase name="Y ingresa informacion avance de las obligaciones especificas del contrato convenio" classname="| 79738646 | Anla2020* |" time="0">
    <skipped/>
  </testcase>
  <testcase name="Y sube los archivos obligatorios anexos y deducciones" classname="| 79738646 | Anla2020* |" time="0">
    <skipped/>
  </testcase>
  <testcase name="Entonces permite registro exitoso de la cuenta de cobro" classname="| 79738646 | Anla2020* |" time="0">
    <skipped/>
  </testcase>
  <testcase name="Dado el usario Revisor ingresa a la pagina de la aplicacion GIC" classname="| 79738646 | Anla2020* |" time="0"/>
  <testcase name="Cuando ingresar con Rol Revisor la Identificacion &quot;79738646&quot; y Contrasena &quot;Anla2020*&quot; a GIC" classname="| 79738646 | Anla2020* |" time="0"/>
  <testcase name="Y ingresa al menu Revisor Inicial" classname="| 79738646 | Anla2020* |" time="0"/>
  <testcase name="Y ingresa a la cuenta de cobro desde Revisor Inicial" classname="| 79738646 | Anla2020* |" time="0"/>
  <testcase name="Entonces permite el avance de la cuenta de cobro desde Revisor Inicial" classname="| 79738646 | Anla2020* |" time="0"/>
  <testcase name="Dado el usario Apoyo Supervision ingresa a la pagina de la aplicacion GIC" classname="| 79738646 | Anla2020* |" time="0"/>
  <testcase name="Cuando ingresar con Rol Apoyo Supervision la Identificacion &quot;79738646&quot; y Contrasena &quot;Anla2020*&quot; a GIC" classname="| 79738646 | Anla2020* |" time="0"/>
  <testcase name="Y ingresa al menu Apoyo Supervision" classname="| 79738646 | Anla2020* |" time="0"/>
  <testcase name="Y ingresa a la cuenta de cobro desde Apoyo Supervision" classname="| 79738646 | Anla2020* |" time="0"/>
  <testcase name="Entonces permite el avance de la cuenta de cobro desde Apoyo Supervision" classname="| 79738646 | Anla2020* |" time="0"/>
  <testcase name="Dado el usario Supervisor ingresa a la pagina de la aplicacion GIC" classname="| 79738646 | Anla2020* |" time="0"/>
  <testcase name="Cuando ingresar con Rol Supervisor la Identificacion &quot;79738646&quot; y Contrasena &quot;Anla2020*&quot; a GIC" classname="| 79738646 | Anla2020* |" time="0"/>
  <testcase name="Y ingresa al menu Supervisor" classname="| 79738646 | Anla2020* |" time="0"/>
  <testcase name="Y ingresa a la cuenta de cobro desde Supervisor" classname="| 79738646 | Anla2020* |" time="0"/>
  <testcase name="Entonces permite el avance de la cuenta de cobro desde Supervisor" classname="| 79738646 | Anla2020* |" time="0"/>
</testsuite>